Analysis & Synthesis report for Ten_bit_binary_to_3_digit_7_seg
Thu Sep 21 20:22:54 2023
Quartus Prime Version 20.1.1 Build 720 11/11/2020 SJ Lite Edition


---------------------
; Table of Contents ;
---------------------
  1. Legal Notice
  2. Analysis & Synthesis Summary
  3. Analysis & Synthesis Settings
  4. Parallel Compilation
  5. Analysis & Synthesis Source Files Read
  6. Analysis & Synthesis Resource Usage Summary
  7. Analysis & Synthesis Resource Utilization by Entity
  8. Registers Removed During Synthesis
  9. General Register Statistics
 10. Parameter Settings for Inferred Entity Instance: BCD_3_digit_7_seg_display:convert_binary|lpm_divide:Mod0
 11. Parameter Settings for Inferred Entity Instance: BCD_3_digit_7_seg_display:convert_binary|lpm_divide:Div2
 12. Parameter Settings for Inferred Entity Instance: BCD_3_digit_7_seg_display:convert_binary|lpm_divide:Mod3
 13. Parameter Settings for Inferred Entity Instance: BCD_3_digit_7_seg_display:convert_binary|lpm_divide:Div0
 14. Parameter Settings for Inferred Entity Instance: BCD_3_digit_7_seg_display:convert_binary|lpm_divide:Mod1
 15. Parameter Settings for Inferred Entity Instance: BCD_3_digit_7_seg_display:convert_binary|lpm_divide:Div1
 16. Parameter Settings for Inferred Entity Instance: BCD_3_digit_7_seg_display:convert_binary|lpm_divide:Mod2
 17. Post-Synthesis Netlist Statistics for Top Partition
 18. Elapsed Time Per Partition
 19. Analysis & Synthesis Messages



----------------
; Legal Notice ;
----------------
Copyright (C) 2020  Intel Corporation. All rights reserved.
Your use of Intel Corporation's design tools, logic functions 
and other software and tools, and any partner logic 
functions, and any output files from any of the foregoing 
(including device programming or simulation files), and any 
associated documentation or information are expressly subject 
to the terms and conditions of the Intel Program License 
Subscription Agreement, the Intel Quartus Prime License Agreement,
the Intel FPGA IP License Agreement, or other applicable license
agreement, including, without limitation, that your use is for
the sole purpose of programming logic devices manufactured by
Intel and sold by Intel or its authorized distributors.  Please
refer to the applicable agreement for further details, at
https://fpgasoftware.intel.com/eula.



+----------------------------------------------------------------------------------+
; Analysis & Synthesis Summary                                                     ;
+------------------------------------+---------------------------------------------+
; Analysis & Synthesis Status        ; Successful - Thu Sep 21 20:22:54 2023       ;
; Quartus Prime Version              ; 20.1.1 Build 720 11/11/2020 SJ Lite Edition ;
; Revision Name                      ; Ten_bit_binary_to_3_digit_7_seg             ;
; Top-level Entity Name              ; Ten_bit_binary_to_3_digit_7_seg             ;
; Family                             ; MAX 10                                      ;
; Total logic elements               ; 432                                         ;
;     Total combinational functions  ; 431                                         ;
;     Dedicated logic registers      ; 34                                          ;
; Total registers                    ; 34                                          ;
; Total pins                         ; 33                                          ;
; Total virtual pins                 ; 0                                           ;
; Total memory bits                  ; 0                                           ;
; Embedded Multiplier 9-bit elements ; 0                                           ;
; Total PLLs                         ; 0                                           ;
; UFM blocks                         ; 0                                           ;
; ADC blocks                         ; 0                                           ;
+------------------------------------+---------------------------------------------+


+--------------------------------------------------------------------------------------------------------------------------------------+
; Analysis & Synthesis Settings                                                                                                        ;
+------------------------------------------------------------------+---------------------------------+---------------------------------+
; Option                                                           ; Setting                         ; Default Value                   ;
+------------------------------------------------------------------+---------------------------------+---------------------------------+
; Device                                                           ; 10M50DAF484C7G                  ;                                 ;
; Top-level entity name                                            ; Ten_bit_binary_to_3_digit_7_seg ; Ten_bit_binary_to_3_digit_7_seg ;
; Family name                                                      ; MAX 10                          ; Cyclone V                       ;
; Use smart compilation                                            ; Off                             ; Off                             ;
; Enable parallel Assembler and Timing Analyzer during compilation ; On                              ; On                              ;
; Enable compact report table                                      ; Off                             ; Off                             ;
; Restructure Multiplexers                                         ; Auto                            ; Auto                            ;
; Create Debugging Nodes for IP Cores                              ; Off                             ; Off                             ;
; Preserve fewer node names                                        ; On                              ; On                              ;
; Intel FPGA IP Evaluation Mode                                    ; Enable                          ; Enable                          ;
; Verilog Version                                                  ; Verilog_2001                    ; Verilog_2001                    ;
; VHDL Version                                                     ; VHDL_1993                       ; VHDL_1993                       ;
; State Machine Processing                                         ; Auto                            ; Auto                            ;
; Safe State Machine                                               ; Off                             ; Off                             ;
; Extract Verilog State Machines                                   ; On                              ; On                              ;
; Extract VHDL State Machines                                      ; On                              ; On                              ;
; Ignore Verilog initial constructs                                ; Off                             ; Off                             ;
; Iteration limit for constant Verilog loops                       ; 5000                            ; 5000                            ;
; Iteration limit for non-constant Verilog loops                   ; 250                             ; 250                             ;
; Add Pass-Through Logic to Inferred RAMs                          ; On                              ; On                              ;
; Infer RAMs from Raw Logic                                        ; On                              ; On                              ;
; Parallel Synthesis                                               ; On                              ; On                              ;
; DSP Block Balancing                                              ; Auto                            ; Auto                            ;
; NOT Gate Push-Back                                               ; On                              ; On                              ;
; Power-Up Don't Care                                              ; On                              ; On                              ;
; Remove Redundant Logic Cells                                     ; Off                             ; Off                             ;
; Remove Duplicate Registers                                       ; On                              ; On                              ;
; Ignore CARRY Buffers                                             ; Off                             ; Off                             ;
; Ignore CASCADE Buffers                                           ; Off                             ; Off                             ;
; Ignore GLOBAL Buffers                                            ; Off                             ; Off                             ;
; Ignore ROW GLOBAL Buffers                                        ; Off                             ; Off                             ;
; Ignore LCELL Buffers                                             ; Off                             ; Off                             ;
; Ignore SOFT Buffers                                              ; On                              ; On                              ;
; Limit AHDL Integers to 32 Bits                                   ; Off                             ; Off                             ;
; Optimization Technique                                           ; Balanced                        ; Balanced                        ;
; Carry Chain Length                                               ; 70                              ; 70                              ;
; Auto Carry Chains                                                ; On                              ; On                              ;
; Auto Open-Drain Pins                                             ; On                              ; On                              ;
; Perform WYSIWYG Primitive Resynthesis                            ; Off                             ; Off                             ;
; Auto ROM Replacement                                             ; On                              ; On                              ;
; Auto RAM Replacement                                             ; On                              ; On                              ;
; Auto DSP Block Replacement                                       ; On                              ; On                              ;
; Auto Shift Register Replacement                                  ; Auto                            ; Auto                            ;
; Allow Shift Register Merging across Hierarchies                  ; Auto                            ; Auto                            ;
; Auto Clock Enable Replacement                                    ; On                              ; On                              ;
; Strict RAM Replacement                                           ; Off                             ; Off                             ;
; Allow Synchronous Control Signals                                ; On                              ; On                              ;
; Force Use of Synchronous Clear Signals                           ; Off                             ; Off                             ;
; Auto RAM Block Balancing                                         ; On                              ; On                              ;
; Auto RAM to Logic Cell Conversion                                ; Off                             ; Off                             ;
; Auto Resource Sharing                                            ; Off                             ; Off                             ;
; Allow Any RAM Size For Recognition                               ; Off                             ; Off                             ;
; Allow Any ROM Size For Recognition                               ; Off                             ; Off                             ;
; Allow Any Shift Register Size For Recognition                    ; Off                             ; Off                             ;
; Use LogicLock Constraints during Resource Balancing              ; On                              ; On                              ;
; Ignore translate_off and synthesis_off directives                ; Off                             ; Off                             ;
; Timing-Driven Synthesis                                          ; On                              ; On                              ;
; Report Parameter Settings                                        ; On                              ; On                              ;
; Report Source Assignments                                        ; On                              ; On                              ;
; Report Connectivity Checks                                       ; On                              ; On                              ;
; Ignore Maximum Fan-Out Assignments                               ; Off                             ; Off                             ;
; Synchronization Register Chain Length                            ; 2                               ; 2                               ;
; Power Optimization During Synthesis                              ; Normal compilation              ; Normal compilation              ;
; HDL message level                                                ; Level2                          ; Level2                          ;
; Suppress Register Optimization Related Messages                  ; Off                             ; Off                             ;
; Number of Removed Registers Reported in Synthesis Report         ; 5000                            ; 5000                            ;
; Number of Swept Nodes Reported in Synthesis Report               ; 5000                            ; 5000                            ;
; Number of Inverted Registers Reported in Synthesis Report        ; 100                             ; 100                             ;
; Clock MUX Protection                                             ; On                              ; On                              ;
; Auto Gated Clock Conversion                                      ; Off                             ; Off                             ;
; Block Design Naming                                              ; Auto                            ; Auto                            ;
; SDC constraint protection                                        ; Off                             ; Off                             ;
; Synthesis Effort                                                 ; Auto                            ; Auto                            ;
; Shift Register Replacement - Allow Asynchronous Clear Signal     ; On                              ; On                              ;
; Pre-Mapping Resynthesis Optimization                             ; Off                             ; Off                             ;
; Analysis & Synthesis Message Level                               ; Medium                          ; Medium                          ;
; Disable Register Merging Across Hierarchies                      ; Auto                            ; Auto                            ;
; Resource Aware Inference For Block RAM                           ; On                              ; On                              ;
+------------------------------------------------------------------+---------------------------------+---------------------------------+


+------------------------------------------+
; Parallel Compilation                     ;
+----------------------------+-------------+
; Processors                 ; Number      ;
+----------------------------+-------------+
; Number detected on machine ; 8           ;
; Maximum allowed            ; 4           ;
;                            ;             ;
; Average used               ; 1.00        ;
; Maximum used               ; 4           ;
;                            ;             ;
; Usage by Processor         ; % Time Used ;
;     Processor 1            ; 100.0%      ;
;     Processors 2-4         ;   0.0%      ;
+----------------------------+-------------+


+-----------------------------------------------------------------------------------------------------------------------------------------------------------------------------------------------------+
; Analysis & Synthesis Source Files Read                                                                                                                                                              ;
+-------------------------------------+-----------------+------------------------------+----------------------------------------------------------------------------------------------------+---------+
; File Name with User-Entered Path    ; Used in Netlist ; File Type                    ; File Name with Absolute Path                                                                       ; Library ;
+-------------------------------------+-----------------+------------------------------+----------------------------------------------------------------------------------------------------+---------+
; Ten_bit_binary_to_3_digit_7_seg.vhd ; yes             ; User VHDL File               ; C:/Users/ATOMIC_LAPTOP/Desktop/Ten_bit_binary_to_3_digit_7_seg/Ten_bit_binary_to_3_digit_7_seg.vhd ;         ;
; BCD_3_digit_7_seg_display.vhd       ; yes             ; User VHDL File               ; C:/Users/ATOMIC_LAPTOP/Desktop/Ten_bit_binary_to_3_digit_7_seg/BCD_3_digit_7_seg_display.vhd       ;         ;
; BCD_to_7_segment.vhd                ; yes             ; User VHDL File               ; C:/Users/ATOMIC_LAPTOP/Desktop/Ten_bit_binary_to_3_digit_7_seg/BCD_to_7_segment.vhd                ;         ;
; lpm_divide.tdf                      ; yes             ; Megafunction                 ; c:/intelfpga_lite/20.1/quartus/libraries/megafunctions/lpm_divide.tdf                              ;         ;
; abs_divider.inc                     ; yes             ; Megafunction                 ; c:/intelfpga_lite/20.1/quartus/libraries/megafunctions/abs_divider.inc                             ;         ;
; sign_div_unsign.inc                 ; yes             ; Megafunction                 ; c:/intelfpga_lite/20.1/quartus/libraries/megafunctions/sign_div_unsign.inc                         ;         ;
; aglobal201.inc                      ; yes             ; Megafunction                 ; c:/intelfpga_lite/20.1/quartus/libraries/megafunctions/aglobal201.inc                              ;         ;
; db/lpm_divide_2nl.tdf               ; yes             ; Auto-Generated Megafunction  ; C:/Users/ATOMIC_LAPTOP/Desktop/Ten_bit_binary_to_3_digit_7_seg/db/lpm_divide_2nl.tdf               ;         ;
; db/sign_div_unsign_1nh.tdf          ; yes             ; Auto-Generated Megafunction  ; C:/Users/ATOMIC_LAPTOP/Desktop/Ten_bit_binary_to_3_digit_7_seg/db/sign_div_unsign_1nh.tdf          ;         ;
; db/alt_u_div_cke.tdf                ; yes             ; Auto-Generated Megafunction  ; C:/Users/ATOMIC_LAPTOP/Desktop/Ten_bit_binary_to_3_digit_7_seg/db/alt_u_div_cke.tdf                ;         ;
; db/add_sub_t3c.tdf                  ; yes             ; Auto-Generated Megafunction  ; C:/Users/ATOMIC_LAPTOP/Desktop/Ten_bit_binary_to_3_digit_7_seg/db/add_sub_t3c.tdf                  ;         ;
; db/add_sub_u3c.tdf                  ; yes             ; Auto-Generated Megafunction  ; C:/Users/ATOMIC_LAPTOP/Desktop/Ten_bit_binary_to_3_digit_7_seg/db/add_sub_u3c.tdf                  ;         ;
; db/lpm_divide_vul.tdf               ; yes             ; Auto-Generated Megafunction  ; C:/Users/ATOMIC_LAPTOP/Desktop/Ten_bit_binary_to_3_digit_7_seg/db/lpm_divide_vul.tdf               ;         ;
; db/lpm_divide_itl.tdf               ; yes             ; Auto-Generated Megafunction  ; C:/Users/ATOMIC_LAPTOP/Desktop/Ten_bit_binary_to_3_digit_7_seg/db/lpm_divide_itl.tdf               ;         ;
; db/sign_div_unsign_klh.tdf          ; yes             ; Auto-Generated Megafunction  ; C:/Users/ATOMIC_LAPTOP/Desktop/Ten_bit_binary_to_3_digit_7_seg/db/sign_div_unsign_klh.tdf          ;         ;
; db/alt_u_div_ihe.tdf                ; yes             ; Auto-Generated Megafunction  ; C:/Users/ATOMIC_LAPTOP/Desktop/Ten_bit_binary_to_3_digit_7_seg/db/alt_u_div_ihe.tdf                ;         ;
; db/lpm_divide_ltl.tdf               ; yes             ; Auto-Generated Megafunction  ; C:/Users/ATOMIC_LAPTOP/Desktop/Ten_bit_binary_to_3_digit_7_seg/db/lpm_divide_ltl.tdf               ;         ;
; db/sign_div_unsign_nlh.tdf          ; yes             ; Auto-Generated Megafunction  ; C:/Users/ATOMIC_LAPTOP/Desktop/Ten_bit_binary_to_3_digit_7_seg/db/sign_div_unsign_nlh.tdf          ;         ;
; db/alt_u_div_ohe.tdf                ; yes             ; Auto-Generated Megafunction  ; C:/Users/ATOMIC_LAPTOP/Desktop/Ten_bit_binary_to_3_digit_7_seg/db/alt_u_div_ohe.tdf                ;         ;
+-------------------------------------+-----------------+------------------------------+----------------------------------------------------------------------------------------------------+---------+


+-----------------------------------------------------------+
; Analysis & Synthesis Resource Usage Summary               ;
+---------------------------------------------+-------------+
; Resource                                    ; Usage       ;
+---------------------------------------------+-------------+
; Estimated Total logic elements              ; 432         ;
;                                             ;             ;
; Total combinational functions               ; 431         ;
; Logic element usage by number of LUT inputs ;             ;
;     -- 4 input functions                    ; 73          ;
;     -- 3 input functions                    ; 129         ;
;     -- <=2 input functions                  ; 229         ;
;                                             ;             ;
; Logic elements by mode                      ;             ;
;     -- normal mode                          ; 295         ;
;     -- arithmetic mode                      ; 136         ;
;                                             ;             ;
; Total registers                             ; 34          ;
;     -- Dedicated logic registers            ; 34          ;
;     -- I/O registers                        ; 0           ;
;                                             ;             ;
; I/O pins                                    ; 33          ;
;                                             ;             ;
; Embedded Multiplier 9-bit elements          ; 0           ;
;                                             ;             ;
; Maximum fan-out node                        ; clock~input ;
; Maximum fan-out                             ; 34          ;
; Total fan-out                               ; 1212        ;
; Average fan-out                             ; 2.28        ;
+---------------------------------------------+-------------+


+---------------------------------------------------------------------------------------------------------------------------------------------------------------------------------------------------------------------------------------------------------------------------------------------------------------------------------------------------------------------------------------------------------------------------------+
; Analysis & Synthesis Resource Utilization by Entity                                                                                                                                                                                                                                                                                                                                                                             ;
+-----------------------------------------------+---------------------+---------------------------+-------------+------------+--------------+---------+-----------+------+--------------+------------+---------------------------------------------------------------------------------------------------------------------------------------------------------------------------+---------------------------------+--------------+
; Compilation Hierarchy Node                    ; Combinational ALUTs ; Dedicated Logic Registers ; Memory Bits ; UFM Blocks ; DSP Elements ; DSP 9x9 ; DSP 18x18 ; Pins ; Virtual Pins ; ADC blocks ; Full Hierarchy Name                                                                                                                                                       ; Entity Name                     ; Library Name ;
+-----------------------------------------------+---------------------+---------------------------+-------------+------------+--------------+---------+-----------+------+--------------+------------+---------------------------------------------------------------------------------------------------------------------------------------------------------------------------+---------------------------------+--------------+
; |Ten_bit_binary_to_3_digit_7_seg              ; 431 (0)             ; 34 (0)                    ; 0           ; 0          ; 0            ; 0       ; 0         ; 33   ; 0            ; 0          ; |Ten_bit_binary_to_3_digit_7_seg                                                                                                                                          ; Ten_bit_binary_to_3_digit_7_seg ; work         ;
;    |BCD_3_digit_7_seg_display:convert_binary| ; 389 (8)             ; 13 (13)                   ; 0           ; 0          ; 0            ; 0       ; 0         ; 0    ; 0            ; 0          ; |Ten_bit_binary_to_3_digit_7_seg|BCD_3_digit_7_seg_display:convert_binary                                                                                                 ; BCD_3_digit_7_seg_display       ; work         ;
;       |lpm_divide:Div0|                       ; 82 (0)              ; 0 (0)                     ; 0           ; 0          ; 0            ; 0       ; 0         ; 0    ; 0            ; 0          ; |Ten_bit_binary_to_3_digit_7_seg|BCD_3_digit_7_seg_display:convert_binary|lpm_divide:Div0                                                                                 ; lpm_divide                      ; work         ;
;          |lpm_divide_itl:auto_generated|      ; 82 (0)              ; 0 (0)                     ; 0           ; 0          ; 0            ; 0       ; 0         ; 0    ; 0            ; 0          ; |Ten_bit_binary_to_3_digit_7_seg|BCD_3_digit_7_seg_display:convert_binary|lpm_divide:Div0|lpm_divide_itl:auto_generated                                                   ; lpm_divide_itl                  ; work         ;
;             |sign_div_unsign_klh:divider|     ; 82 (0)              ; 0 (0)                     ; 0           ; 0          ; 0            ; 0       ; 0         ; 0    ; 0            ; 0          ; |Ten_bit_binary_to_3_digit_7_seg|BCD_3_digit_7_seg_display:convert_binary|lpm_divide:Div0|lpm_divide_itl:auto_generated|sign_div_unsign_klh:divider                       ; sign_div_unsign_klh             ; work         ;
;                |alt_u_div_ihe:divider|        ; 82 (82)             ; 0 (0)                     ; 0           ; 0          ; 0            ; 0       ; 0         ; 0    ; 0            ; 0          ; |Ten_bit_binary_to_3_digit_7_seg|BCD_3_digit_7_seg_display:convert_binary|lpm_divide:Div0|lpm_divide_itl:auto_generated|sign_div_unsign_klh:divider|alt_u_div_ihe:divider ; alt_u_div_ihe                   ; work         ;
;       |lpm_divide:Div1|                       ; 69 (0)              ; 0 (0)                     ; 0           ; 0          ; 0            ; 0       ; 0         ; 0    ; 0            ; 0          ; |Ten_bit_binary_to_3_digit_7_seg|BCD_3_digit_7_seg_display:convert_binary|lpm_divide:Div1                                                                                 ; lpm_divide                      ; work         ;
;          |lpm_divide_ltl:auto_generated|      ; 69 (0)              ; 0 (0)                     ; 0           ; 0          ; 0            ; 0       ; 0         ; 0    ; 0            ; 0          ; |Ten_bit_binary_to_3_digit_7_seg|BCD_3_digit_7_seg_display:convert_binary|lpm_divide:Div1|lpm_divide_ltl:auto_generated                                                   ; lpm_divide_ltl                  ; work         ;
;             |sign_div_unsign_nlh:divider|     ; 69 (0)              ; 0 (0)                     ; 0           ; 0          ; 0            ; 0       ; 0         ; 0    ; 0            ; 0          ; |Ten_bit_binary_to_3_digit_7_seg|BCD_3_digit_7_seg_display:convert_binary|lpm_divide:Div1|lpm_divide_ltl:auto_generated|sign_div_unsign_nlh:divider                       ; sign_div_unsign_nlh             ; work         ;
;                |alt_u_div_ohe:divider|        ; 69 (69)             ; 0 (0)                     ; 0           ; 0          ; 0            ; 0       ; 0         ; 0    ; 0            ; 0          ; |Ten_bit_binary_to_3_digit_7_seg|BCD_3_digit_7_seg_display:convert_binary|lpm_divide:Div1|lpm_divide_ltl:auto_generated|sign_div_unsign_nlh:divider|alt_u_div_ohe:divider ; alt_u_div_ohe                   ; work         ;
;       |lpm_divide:Mod0|                       ; 130 (0)             ; 0 (0)                     ; 0           ; 0          ; 0            ; 0       ; 0         ; 0    ; 0            ; 0          ; |Ten_bit_binary_to_3_digit_7_seg|BCD_3_digit_7_seg_display:convert_binary|lpm_divide:Mod0                                                                                 ; lpm_divide                      ; work         ;
;          |lpm_divide_2nl:auto_generated|      ; 130 (0)             ; 0 (0)                     ; 0           ; 0          ; 0            ; 0       ; 0         ; 0    ; 0            ; 0          ; |Ten_bit_binary_to_3_digit_7_seg|BCD_3_digit_7_seg_display:convert_binary|lpm_divide:Mod0|lpm_divide_2nl:auto_generated                                                   ; lpm_divide_2nl                  ; work         ;
;             |sign_div_unsign_1nh:divider|     ; 130 (0)             ; 0 (0)                     ; 0           ; 0          ; 0            ; 0       ; 0         ; 0    ; 0            ; 0          ; |Ten_bit_binary_to_3_digit_7_seg|BCD_3_digit_7_seg_display:convert_binary|lpm_divide:Mod0|lpm_divide_2nl:auto_generated|sign_div_unsign_1nh:divider                       ; sign_div_unsign_1nh             ; work         ;
;                |alt_u_div_cke:divider|        ; 130 (130)           ; 0 (0)                     ; 0           ; 0          ; 0            ; 0       ; 0         ; 0    ; 0            ; 0          ; |Ten_bit_binary_to_3_digit_7_seg|BCD_3_digit_7_seg_display:convert_binary|lpm_divide:Mod0|lpm_divide_2nl:auto_generated|sign_div_unsign_1nh:divider|alt_u_div_cke:divider ; alt_u_div_cke                   ; work         ;
;       |lpm_divide:Mod1|                       ; 87 (0)              ; 0 (0)                     ; 0           ; 0          ; 0            ; 0       ; 0         ; 0    ; 0            ; 0          ; |Ten_bit_binary_to_3_digit_7_seg|BCD_3_digit_7_seg_display:convert_binary|lpm_divide:Mod1                                                                                 ; lpm_divide                      ; work         ;
;          |lpm_divide_2nl:auto_generated|      ; 87 (0)              ; 0 (0)                     ; 0           ; 0          ; 0            ; 0       ; 0         ; 0    ; 0            ; 0          ; |Ten_bit_binary_to_3_digit_7_seg|BCD_3_digit_7_seg_display:convert_binary|lpm_divide:Mod1|lpm_divide_2nl:auto_generated                                                   ; lpm_divide_2nl                  ; work         ;
;             |sign_div_unsign_1nh:divider|     ; 87 (0)              ; 0 (0)                     ; 0           ; 0          ; 0            ; 0       ; 0         ; 0    ; 0            ; 0          ; |Ten_bit_binary_to_3_digit_7_seg|BCD_3_digit_7_seg_display:convert_binary|lpm_divide:Mod1|lpm_divide_2nl:auto_generated|sign_div_unsign_1nh:divider                       ; sign_div_unsign_1nh             ; work         ;
;                |alt_u_div_cke:divider|        ; 87 (87)             ; 0 (0)                     ; 0           ; 0          ; 0            ; 0       ; 0         ; 0    ; 0            ; 0          ; |Ten_bit_binary_to_3_digit_7_seg|BCD_3_digit_7_seg_display:convert_binary|lpm_divide:Mod1|lpm_divide_2nl:auto_generated|sign_div_unsign_1nh:divider|alt_u_div_cke:divider ; alt_u_div_cke                   ; work         ;
;       |lpm_divide:Mod2|                       ; 13 (0)              ; 0 (0)                     ; 0           ; 0          ; 0            ; 0       ; 0         ; 0    ; 0            ; 0          ; |Ten_bit_binary_to_3_digit_7_seg|BCD_3_digit_7_seg_display:convert_binary|lpm_divide:Mod2                                                                                 ; lpm_divide                      ; work         ;
;          |lpm_divide_2nl:auto_generated|      ; 13 (0)              ; 0 (0)                     ; 0           ; 0          ; 0            ; 0       ; 0         ; 0    ; 0            ; 0          ; |Ten_bit_binary_to_3_digit_7_seg|BCD_3_digit_7_seg_display:convert_binary|lpm_divide:Mod2|lpm_divide_2nl:auto_generated                                                   ; lpm_divide_2nl                  ; work         ;
;             |sign_div_unsign_1nh:divider|     ; 13 (0)              ; 0 (0)                     ; 0           ; 0          ; 0            ; 0       ; 0         ; 0    ; 0            ; 0          ; |Ten_bit_binary_to_3_digit_7_seg|BCD_3_digit_7_seg_display:convert_binary|lpm_divide:Mod2|lpm_divide_2nl:auto_generated|sign_div_unsign_1nh:divider                       ; sign_div_unsign_1nh             ; work         ;
;                |alt_u_div_cke:divider|        ; 13 (13)             ; 0 (0)                     ; 0           ; 0          ; 0            ; 0       ; 0         ; 0    ; 0            ; 0          ; |Ten_bit_binary_to_3_digit_7_seg|BCD_3_digit_7_seg_display:convert_binary|lpm_divide:Mod2|lpm_divide_2nl:auto_generated|sign_div_unsign_1nh:divider|alt_u_div_cke:divider ; alt_u_div_cke                   ; work         ;
;    |BCD_to_7_segment:seven_seg_display_1|     ; 14 (14)             ; 7 (7)                     ; 0           ; 0          ; 0            ; 0       ; 0         ; 0    ; 0            ; 0          ; |Ten_bit_binary_to_3_digit_7_seg|BCD_to_7_segment:seven_seg_display_1                                                                                                     ; BCD_to_7_segment                ; work         ;
;    |BCD_to_7_segment:seven_seg_display_2|     ; 14 (14)             ; 7 (7)                     ; 0           ; 0          ; 0            ; 0       ; 0         ; 0    ; 0            ; 0          ; |Ten_bit_binary_to_3_digit_7_seg|BCD_to_7_segment:seven_seg_display_2                                                                                                     ; BCD_to_7_segment                ; work         ;
;    |BCD_to_7_segment:seven_seg_display_3|     ; 14 (14)             ; 7 (7)                     ; 0           ; 0          ; 0            ; 0       ; 0         ; 0    ; 0            ; 0          ; |Ten_bit_binary_to_3_digit_7_seg|BCD_to_7_segment:seven_seg_display_3                                                                                                     ; BCD_to_7_segment                ; work         ;
+-----------------------------------------------+---------------------+---------------------------+-------------+------------+--------------+---------+-----------+------+--------------+------------+---------------------------------------------------------------------------------------------------------------------------------------------------------------------------+---------------------------------+--------------+
Note: For table entries with two numbers listed, the numbers in parentheses indicate the number of resources of the given type used by the specific entity alone. The numbers listed outside of parentheses indicate the total resources of the given type used by the specific entity and all of its sub-entities in the hierarchy.


+-----------------------------------------------------------------------------------------------------+
; Registers Removed During Synthesis                                                                  ;
+------------------------------------------------------------+----------------------------------------+
; Register name                                              ; Reason for Removal                     ;
+------------------------------------------------------------+----------------------------------------+
; BCD_3_digit_7_seg_display:convert_binary|int_data_4[1..31] ; Stuck at GND due to stuck port data_in ;
; Total Number of Removed Registers = 31                     ;                                        ;
+------------------------------------------------------------+----------------------------------------+


+------------------------------------------------------+
; General Register Statistics                          ;
+----------------------------------------------+-------+
; Statistic                                    ; Value ;
+----------------------------------------------+-------+
; Total registers                              ; 34    ;
; Number of registers using Synchronous Clear  ; 0     ;
; Number of registers using Synchronous Load   ; 0     ;
; Number of registers using Asynchronous Clear ; 13    ;
; Number of registers using Asynchronous Load  ; 0     ;
; Number of registers using Clock Enable       ; 0     ;
; Number of registers using Preset             ; 0     ;
+----------------------------------------------+-------+


+-----------------------------------------------------------------------------------------------------------+
; Parameter Settings for Inferred Entity Instance: BCD_3_digit_7_seg_display:convert_binary|lpm_divide:Mod0 ;
+------------------------+----------------+-----------------------------------------------------------------+
; Parameter Name         ; Value          ; Type                                                            ;
+------------------------+----------------+-----------------------------------------------------------------+
; LPM_WIDTHN             ; 10             ; Untyped                                                         ;
; LPM_WIDTHD             ; 10             ; Untyped                                                         ;
; LPM_NREPRESENTATION    ; UNSIGNED       ; Untyped                                                         ;
; LPM_DREPRESENTATION    ; UNSIGNED       ; Untyped                                                         ;
; LPM_PIPELINE           ; 0              ; Untyped                                                         ;
; LPM_REMAINDERPOSITIVE  ; TRUE           ; Untyped                                                         ;
; MAXIMIZE_SPEED         ; 5              ; Untyped                                                         ;
; CBXI_PARAMETER         ; lpm_divide_2nl ; Untyped                                                         ;
; CARRY_CHAIN            ; MANUAL         ; Untyped                                                         ;
; OPTIMIZE_FOR_SPEED     ; 5              ; Untyped                                                         ;
; AUTO_CARRY_CHAINS      ; ON             ; AUTO_CARRY                                                      ;
; IGNORE_CARRY_BUFFERS   ; OFF            ; IGNORE_CARRY                                                    ;
; AUTO_CASCADE_CHAINS    ; ON             ; AUTO_CASCADE                                                    ;
; IGNORE_CASCADE_BUFFERS ; OFF            ; IGNORE_CASCADE                                                  ;
+------------------------+----------------+-----------------------------------------------------------------+
Note: In order to hide this table in the UI and the text report file, please set the "Show Parameter Settings in Synthesis Report" option in "Analysis and Synthesis Settings -> More Settings" to "Off".


+-----------------------------------------------------------------------------------------------------------+
; Parameter Settings for Inferred Entity Instance: BCD_3_digit_7_seg_display:convert_binary|lpm_divide:Div2 ;
+------------------------+----------------+-----------------------------------------------------------------+
; Parameter Name         ; Value          ; Type                                                            ;
+------------------------+----------------+-----------------------------------------------------------------+
; LPM_WIDTHN             ; 10             ; Untyped                                                         ;
; LPM_WIDTHD             ; 10             ; Untyped                                                         ;
; LPM_NREPRESENTATION    ; UNSIGNED       ; Untyped                                                         ;
; LPM_DREPRESENTATION    ; UNSIGNED       ; Untyped                                                         ;
; LPM_PIPELINE           ; 0              ; Untyped                                                         ;
; LPM_REMAINDERPOSITIVE  ; TRUE           ; Untyped                                                         ;
; MAXIMIZE_SPEED         ; 5              ; Untyped                                                         ;
; CBXI_PARAMETER         ; lpm_divide_vul ; Untyped                                                         ;
; CARRY_CHAIN            ; MANUAL         ; Untyped                                                         ;
; OPTIMIZE_FOR_SPEED     ; 5              ; Untyped                                                         ;
; AUTO_CARRY_CHAINS      ; ON             ; AUTO_CARRY                                                      ;
; IGNORE_CARRY_BUFFERS   ; OFF            ; IGNORE_CARRY                                                    ;
; AUTO_CASCADE_CHAINS    ; ON             ; AUTO_CASCADE                                                    ;
; IGNORE_CASCADE_BUFFERS ; OFF            ; IGNORE_CASCADE                                                  ;
+------------------------+----------------+-----------------------------------------------------------------+
Note: In order to hide this table in the UI and the text report file, please set the "Show Parameter Settings in Synthesis Report" option in "Analysis and Synthesis Settings -> More Settings" to "Off".


+-----------------------------------------------------------------------------------------------------------+
; Parameter Settings for Inferred Entity Instance: BCD_3_digit_7_seg_display:convert_binary|lpm_divide:Mod3 ;
+------------------------+----------------+-----------------------------------------------------------------+
; Parameter Name         ; Value          ; Type                                                            ;
+------------------------+----------------+-----------------------------------------------------------------+
; LPM_WIDTHN             ; 10             ; Untyped                                                         ;
; LPM_WIDTHD             ; 10             ; Untyped                                                         ;
; LPM_NREPRESENTATION    ; UNSIGNED       ; Untyped                                                         ;
; LPM_DREPRESENTATION    ; UNSIGNED       ; Untyped                                                         ;
; LPM_PIPELINE           ; 0              ; Untyped                                                         ;
; LPM_REMAINDERPOSITIVE  ; TRUE           ; Untyped                                                         ;
; MAXIMIZE_SPEED         ; 5              ; Untyped                                                         ;
; CBXI_PARAMETER         ; lpm_divide_2nl ; Untyped                                                         ;
; CARRY_CHAIN            ; MANUAL         ; Untyped                                                         ;
; OPTIMIZE_FOR_SPEED     ; 5              ; Untyped                                                         ;
; AUTO_CARRY_CHAINS      ; ON             ; AUTO_CARRY                                                      ;
; IGNORE_CARRY_BUFFERS   ; OFF            ; IGNORE_CARRY                                                    ;
; AUTO_CASCADE_CHAINS    ; ON             ; AUTO_CASCADE                                                    ;
; IGNORE_CASCADE_BUFFERS ; OFF            ; IGNORE_CASCADE                                                  ;
+------------------------+----------------+-----------------------------------------------------------------+
Note: In order to hide this table in the UI and the text report file, please set the "Show Parameter Settings in Synthesis Report" option in "Analysis and Synthesis Settings -> More Settings" to "Off".


+-----------------------------------------------------------------------------------------------------------+
; Parameter Settings for Inferred Entity Instance: BCD_3_digit_7_seg_display:convert_binary|lpm_divide:Div0 ;
+------------------------+----------------+-----------------------------------------------------------------+
; Parameter Name         ; Value          ; Type                                                            ;
+------------------------+----------------+-----------------------------------------------------------------+
; LPM_WIDTHN             ; 10             ; Untyped                                                         ;
; LPM_WIDTHD             ; 4              ; Untyped                                                         ;
; LPM_NREPRESENTATION    ; UNSIGNED       ; Untyped                                                         ;
; LPM_DREPRESENTATION    ; UNSIGNED       ; Untyped                                                         ;
; LPM_PIPELINE           ; 0              ; Untyped                                                         ;
; LPM_REMAINDERPOSITIVE  ; TRUE           ; Untyped                                                         ;
; MAXIMIZE_SPEED         ; 5              ; Untyped                                                         ;
; CBXI_PARAMETER         ; lpm_divide_itl ; Untyped                                                         ;
; CARRY_CHAIN            ; MANUAL         ; Untyped                                                         ;
; OPTIMIZE_FOR_SPEED     ; 5              ; Untyped                                                         ;
; AUTO_CARRY_CHAINS      ; ON             ; AUTO_CARRY                                                      ;
; IGNORE_CARRY_BUFFERS   ; OFF            ; IGNORE_CARRY                                                    ;
; AUTO_CASCADE_CHAINS    ; ON             ; AUTO_CASCADE                                                    ;
; IGNORE_CASCADE_BUFFERS ; OFF            ; IGNORE_CASCADE                                                  ;
+------------------------+----------------+-----------------------------------------------------------------+
Note: In order to hide this table in the UI and the text report file, please set the "Show Parameter Settings in Synthesis Report" option in "Analysis and Synthesis Settings -> More Settings" to "Off".


+-----------------------------------------------------------------------------------------------------------+
; Parameter Settings for Inferred Entity Instance: BCD_3_digit_7_seg_display:convert_binary|lpm_divide:Mod1 ;
+------------------------+----------------+-----------------------------------------------------------------+
; Parameter Name         ; Value          ; Type                                                            ;
+------------------------+----------------+-----------------------------------------------------------------+
; LPM_WIDTHN             ; 10             ; Untyped                                                         ;
; LPM_WIDTHD             ; 10             ; Untyped                                                         ;
; LPM_NREPRESENTATION    ; UNSIGNED       ; Untyped                                                         ;
; LPM_DREPRESENTATION    ; UNSIGNED       ; Untyped                                                         ;
; LPM_PIPELINE           ; 0              ; Untyped                                                         ;
; LPM_REMAINDERPOSITIVE  ; TRUE           ; Untyped                                                         ;
; MAXIMIZE_SPEED         ; 5              ; Untyped                                                         ;
; CBXI_PARAMETER         ; lpm_divide_2nl ; Untyped                                                         ;
; CARRY_CHAIN            ; MANUAL         ; Untyped                                                         ;
; OPTIMIZE_FOR_SPEED     ; 5              ; Untyped                                                         ;
; AUTO_CARRY_CHAINS      ; ON             ; AUTO_CARRY                                                      ;
; IGNORE_CARRY_BUFFERS   ; OFF            ; IGNORE_CARRY                                                    ;
; AUTO_CASCADE_CHAINS    ; ON             ; AUTO_CASCADE                                                    ;
; IGNORE_CASCADE_BUFFERS ; OFF            ; IGNORE_CASCADE                                                  ;
+------------------------+----------------+-----------------------------------------------------------------+
Note: In order to hide this table in the UI and the text report file, please set the "Show Parameter Settings in Synthesis Report" option in "Analysis and Synthesis Settings -> More Settings" to "Off".


+-----------------------------------------------------------------------------------------------------------+
; Parameter Settings for Inferred Entity Instance: BCD_3_digit_7_seg_display:convert_binary|lpm_divide:Div1 ;
+------------------------+----------------+-----------------------------------------------------------------+
; Parameter Name         ; Value          ; Type                                                            ;
+------------------------+----------------+-----------------------------------------------------------------+
; LPM_WIDTHN             ; 10             ; Untyped                                                         ;
; LPM_WIDTHD             ; 7              ; Untyped                                                         ;
; LPM_NREPRESENTATION    ; UNSIGNED       ; Untyped                                                         ;
; LPM_DREPRESENTATION    ; UNSIGNED       ; Untyped                                                         ;
; LPM_PIPELINE           ; 0              ; Untyped                                                         ;
; LPM_REMAINDERPOSITIVE  ; TRUE           ; Untyped                                                         ;
; MAXIMIZE_SPEED         ; 5              ; Untyped                                                         ;
; CBXI_PARAMETER         ; lpm_divide_ltl ; Untyped                                                         ;
; CARRY_CHAIN            ; MANUAL         ; Untyped                                                         ;
; OPTIMIZE_FOR_SPEED     ; 5              ; Untyped                                                         ;
; AUTO_CARRY_CHAINS      ; ON             ; AUTO_CARRY                                                      ;
; IGNORE_CARRY_BUFFERS   ; OFF            ; IGNORE_CARRY                                                    ;
; AUTO_CASCADE_CHAINS    ; ON             ; AUTO_CASCADE                                                    ;
; IGNORE_CASCADE_BUFFERS ; OFF            ; IGNORE_CASCADE                                                  ;
+------------------------+----------------+-----------------------------------------------------------------+
Note: In order to hide this table in the UI and the text report file, please set the "Show Parameter Settings in Synthesis Report" option in "Analysis and Synthesis Settings -> More Settings" to "Off".


+-----------------------------------------------------------------------------------------------------------+
; Parameter Settings for Inferred Entity Instance: BCD_3_digit_7_seg_display:convert_binary|lpm_divide:Mod2 ;
+------------------------+----------------+-----------------------------------------------------------------+
; Parameter Name         ; Value          ; Type                                                            ;
+------------------------+----------------+-----------------------------------------------------------------+
; LPM_WIDTHN             ; 10             ; Untyped                                                         ;
; LPM_WIDTHD             ; 10             ; Untyped                                                         ;
; LPM_NREPRESENTATION    ; UNSIGNED       ; Untyped                                                         ;
; LPM_DREPRESENTATION    ; UNSIGNED       ; Untyped                                                         ;
; LPM_PIPELINE           ; 0              ; Untyped                                                         ;
; LPM_REMAINDERPOSITIVE  ; TRUE           ; Untyped                                                         ;
; MAXIMIZE_SPEED         ; 5              ; Untyped                                                         ;
; CBXI_PARAMETER         ; lpm_divide_2nl ; Untyped                                                         ;
; CARRY_CHAIN            ; MANUAL         ; Untyped                                                         ;
; OPTIMIZE_FOR_SPEED     ; 5              ; Untyped                                                         ;
; AUTO_CARRY_CHAINS      ; ON             ; AUTO_CARRY                                                      ;
; IGNORE_CARRY_BUFFERS   ; OFF            ; IGNORE_CARRY                                                    ;
; AUTO_CASCADE_CHAINS    ; ON             ; AUTO_CASCADE                                                    ;
; IGNORE_CASCADE_BUFFERS ; OFF            ; IGNORE_CASCADE                                                  ;
+------------------------+----------------+-----------------------------------------------------------------+
Note: In order to hide this table in the UI and the text report file, please set the "Show Parameter Settings in Synthesis Report" option in "Analysis and Synthesis Settings -> More Settings" to "Off".


+-----------------------------------------------------+
; Post-Synthesis Netlist Statistics for Top Partition ;
+-----------------------+-----------------------------+
; Type                  ; Count                       ;
+-----------------------+-----------------------------+
; boundary_port         ; 33                          ;
; cycloneiii_ff         ; 34                          ;
;     CLR               ; 13                          ;
;     plain             ; 21                          ;
; cycloneiii_lcell_comb ; 431                         ;
;     arith             ; 136                         ;
;         1 data inputs ; 7                           ;
;         2 data inputs ; 27                          ;
;         3 data inputs ; 102                         ;
;     normal            ; 295                         ;
;         0 data inputs ; 24                          ;
;         1 data inputs ; 5                           ;
;         2 data inputs ; 166                         ;
;         3 data inputs ; 27                          ;
;         4 data inputs ; 73                          ;
;                       ;                             ;
; Max LUT depth         ; 18.90                       ;
; Average LUT depth     ; 14.24                       ;
+-----------------------+-----------------------------+


+-------------------------------+
; Elapsed Time Per Partition    ;
+----------------+--------------+
; Partition Name ; Elapsed Time ;
+----------------+--------------+
; Top            ; 00:00:04     ;
+----------------+--------------+


+-------------------------------+
; Analysis & Synthesis Messages ;
+-------------------------------+
Info: *******************************************************************
Info: Running Quartus Prime Analysis & Synthesis
    Info: Version 20.1.1 Build 720 11/11/2020 SJ Lite Edition
    Info: Processing started: Thu Sep 21 20:22:30 2023
Info: Command: quartus_map --read_settings_files=on --write_settings_files=off Ten_bit_binary_to_3_digit_7_seg -c Ten_bit_binary_to_3_digit_7_seg
Warning (18236): Number of processors has not been specified which may cause overloading on shared machines.  Set the global assignment NUM_PARALLEL_PROCESSORS in your QSF to an appropriate value for best performance.
Info (20030): Parallel compilation is enabled and will use 4 of the 4 processors detected
Info (12021): Found 2 design units, including 1 entities, in source file ten_bit_binary_to_3_digit_7_seg.vhd
    Info (12022): Found design unit 1: Ten_bit_binary_to_3_digit_7_seg-converter File: C:/Users/ATOMIC_LAPTOP/Desktop/Ten_bit_binary_to_3_digit_7_seg/Ten_bit_binary_to_3_digit_7_seg.vhd Line: 14
    Info (12023): Found entity 1: Ten_bit_binary_to_3_digit_7_seg File: C:/Users/ATOMIC_LAPTOP/Desktop/Ten_bit_binary_to_3_digit_7_seg/Ten_bit_binary_to_3_digit_7_seg.vhd Line: 5
Info (12021): Found 2 design units, including 1 entities, in source file bcd_3_digit_7_seg_display.vhd
    Info (12022): Found design unit 1: BCD_3_digit_7_seg_display-Behavioral File: C:/Users/ATOMIC_LAPTOP/Desktop/Ten_bit_binary_to_3_digit_7_seg/BCD_3_digit_7_seg_display.vhd Line: 14
    Info (12023): Found entity 1: BCD_3_digit_7_seg_display File: C:/Users/ATOMIC_LAPTOP/Desktop/Ten_bit_binary_to_3_digit_7_seg/BCD_3_digit_7_seg_display.vhd Line: 5
Info (12021): Found 2 design units, including 1 entities, in source file bcd_to_7_segment.vhd
    Info (12022): Found design unit 1: BCD_to_7_segment-data_process File: C:/Users/ATOMIC_LAPTOP/Desktop/Ten_bit_binary_to_3_digit_7_seg/BCD_to_7_segment.vhd Line: 11
    Info (12023): Found entity 1: BCD_to_7_segment File: C:/Users/ATOMIC_LAPTOP/Desktop/Ten_bit_binary_to_3_digit_7_seg/BCD_to_7_segment.vhd Line: 4
Info (12127): Elaborating entity "Ten_bit_binary_to_3_digit_7_seg" for the top level hierarchy
Info (12129): Elaborating entity "BCD_3_digit_7_seg_display" using architecture "A:behavioral" for hierarchy "BCD_3_digit_7_seg_display:convert_binary" File: C:/Users/ATOMIC_LAPTOP/Desktop/Ten_bit_binary_to_3_digit_7_seg/Ten_bit_binary_to_3_digit_7_seg.vhd Line: 19
Warning (10492): VHDL Process Statement warning at BCD_3_digit_7_seg_display.vhd(34): signal "int_data_4" is read inside the Process Statement but isn't in the Process Statement's sensitivity list File: C:/Users/ATOMIC_LAPTOP/Desktop/Ten_bit_binary_to_3_digit_7_seg/BCD_3_digit_7_seg_display.vhd Line: 34
Warning (10492): VHDL Process Statement warning at BCD_3_digit_7_seg_display.vhd(35): signal "int_data_1" is read inside the Process Statement but isn't in the Process Statement's sensitivity list File: C:/Users/ATOMIC_LAPTOP/Desktop/Ten_bit_binary_to_3_digit_7_seg/BCD_3_digit_7_seg_display.vhd Line: 35
Warning (10492): VHDL Process Statement warning at BCD_3_digit_7_seg_display.vhd(36): signal "int_data_2" is read inside the Process Statement but isn't in the Process Statement's sensitivity list File: C:/Users/ATOMIC_LAPTOP/Desktop/Ten_bit_binary_to_3_digit_7_seg/BCD_3_digit_7_seg_display.vhd Line: 36
Warning (10492): VHDL Process Statement warning at BCD_3_digit_7_seg_display.vhd(37): signal "int_data_3" is read inside the Process Statement but isn't in the Process Statement's sensitivity list File: C:/Users/ATOMIC_LAPTOP/Desktop/Ten_bit_binary_to_3_digit_7_seg/BCD_3_digit_7_seg_display.vhd Line: 37
Info (12129): Elaborating entity "BCD_to_7_segment" using architecture "A:data_process" for hierarchy "BCD_to_7_segment:seven_seg_display_1" File: C:/Users/ATOMIC_LAPTOP/Desktop/Ten_bit_binary_to_3_digit_7_seg/Ten_bit_binary_to_3_digit_7_seg.vhd Line: 27
Info (278001): Inferred 7 megafunctions from design logic
    Info (278004): Inferred divider/modulo megafunction ("lpm_divide") from the following logic: "BCD_3_digit_7_seg_display:convert_binary|Mod0" File: C:/Users/ATOMIC_LAPTOP/Desktop/Ten_bit_binary_to_3_digit_7_seg/BCD_3_digit_7_seg_display.vhd Line: 29
    Info (278004): Inferred divider/modulo megafunction ("lpm_divide") from the following logic: "BCD_3_digit_7_seg_display:convert_binary|Div2" File: C:/Users/ATOMIC_LAPTOP/Desktop/Ten_bit_binary_to_3_digit_7_seg/BCD_3_digit_7_seg_display.vhd Line: 32
    Info (278004): Inferred divider/modulo megafunction ("lpm_divide") from the following logic: "BCD_3_digit_7_seg_display:convert_binary|Mod3" File: C:/Users/ATOMIC_LAPTOP/Desktop/Ten_bit_binary_to_3_digit_7_seg/BCD_3_digit_7_seg_display.vhd Line: 32
    Info (278004): Inferred divider/modulo megafunction ("lpm_divide") from the following logic: "BCD_3_digit_7_seg_display:convert_binary|Div0" File: C:/Users/ATOMIC_LAPTOP/Desktop/Ten_bit_binary_to_3_digit_7_seg/BCD_3_digit_7_seg_display.vhd Line: 30
    Info (278004): Inferred divider/modulo megafunction ("lpm_divide") from the following logic: "BCD_3_digit_7_seg_display:convert_binary|Mod1" File: C:/Users/ATOMIC_LAPTOP/Desktop/Ten_bit_binary_to_3_digit_7_seg/BCD_3_digit_7_seg_display.vhd Line: 30
    Info (278004): Inferred divider/modulo megafunction ("lpm_divide") from the following logic: "BCD_3_digit_7_seg_display:convert_binary|Div1" File: C:/Users/ATOMIC_LAPTOP/Desktop/Ten_bit_binary_to_3_digit_7_seg/BCD_3_digit_7_seg_display.vhd Line: 31
    Info (278004): Inferred divider/modulo megafunction ("lpm_divide") from the following logic: "BCD_3_digit_7_seg_display:convert_binary|Mod2" File: C:/Users/ATOMIC_LAPTOP/Desktop/Ten_bit_binary_to_3_digit_7_seg/BCD_3_digit_7_seg_display.vhd Line: 31
Info (12130): Elaborated megafunction instantiation "BCD_3_digit_7_seg_display:convert_binary|lpm_divide:Mod0" File: C:/Users/ATOMIC_LAPTOP/Desktop/Ten_bit_binary_to_3_digit_7_seg/BCD_3_digit_7_seg_display.vhd Line: 29
Info (12133): Instantiated megafunction "BCD_3_digit_7_seg_display:convert_binary|lpm_divide:Mod0" with the following parameter: File: C:/Users/ATOMIC_LAPTOP/Desktop/Ten_bit_binary_to_3_digit_7_seg/BCD_3_digit_7_seg_display.vhd Line: 29
    Info (12134): Parameter "LPM_WIDTHN" = "10"
    Info (12134): Parameter "LPM_WIDTHD" = "10"
    Info (12134): Parameter "LPM_NREPRESENTATION" = "UNSIGNED"
    Info (12134): Parameter "LPM_DREPRESENTATION" = "UNSIGNED"
Info (12021): Found 1 design units, including 1 entities, in source file db/lpm_divide_2nl.tdf
    Info (12023): Found entity 1: lpm_divide_2nl File: C:/Users/ATOMIC_LAPTOP/Desktop/Ten_bit_binary_to_3_digit_7_seg/db/lpm_divide_2nl.tdf Line: 25
Info (12021): Found 1 design units, including 1 entities, in source file db/sign_div_unsign_1nh.tdf
    Info (12023): Found entity 1: sign_div_unsign_1nh File: C:/Users/ATOMIC_LAPTOP/Desktop/Ten_bit_binary_to_3_digit_7_seg/db/sign_div_unsign_1nh.tdf Line: 25
Info (12021): Found 1 design units, including 1 entities, in source file db/alt_u_div_cke.tdf
    Info (12023): Found entity 1: alt_u_div_cke File: C:/Users/ATOMIC_LAPTOP/Desktop/Ten_bit_binary_to_3_digit_7_seg/db/alt_u_div_cke.tdf Line: 27
Info (12021): Found 1 design units, including 1 entities, in source file db/add_sub_t3c.tdf
    Info (12023): Found entity 1: add_sub_t3c File: C:/Users/ATOMIC_LAPTOP/Desktop/Ten_bit_binary_to_3_digit_7_seg/db/add_sub_t3c.tdf Line: 23
Info (12021): Found 1 design units, including 1 entities, in source file db/add_sub_u3c.tdf
    Info (12023): Found entity 1: add_sub_u3c File: C:/Users/ATOMIC_LAPTOP/Desktop/Ten_bit_binary_to_3_digit_7_seg/db/add_sub_u3c.tdf Line: 23
Info (12130): Elaborated megafunction instantiation "BCD_3_digit_7_seg_display:convert_binary|lpm_divide:Div2" File: C:/Users/ATOMIC_LAPTOP/Desktop/Ten_bit_binary_to_3_digit_7_seg/BCD_3_digit_7_seg_display.vhd Line: 32
Info (12133): Instantiated megafunction "BCD_3_digit_7_seg_display:convert_binary|lpm_divide:Div2" with the following parameter: File: C:/Users/ATOMIC_LAPTOP/Desktop/Ten_bit_binary_to_3_digit_7_seg/BCD_3_digit_7_seg_display.vhd Line: 32
    Info (12134): Parameter "LPM_WIDTHN" = "10"
    Info (12134): Parameter "LPM_WIDTHD" = "10"
    Info (12134): Parameter "LPM_NREPRESENTATION" = "UNSIGNED"
    Info (12134): Parameter "LPM_DREPRESENTATION" = "UNSIGNED"
Info (12021): Found 1 design units, including 1 entities, in source file db/lpm_divide_vul.tdf
    Info (12023): Found entity 1: lpm_divide_vul File: C:/Users/ATOMIC_LAPTOP/Desktop/Ten_bit_binary_to_3_digit_7_seg/db/lpm_divide_vul.tdf Line: 25
Info (12130): Elaborated megafunction instantiation "BCD_3_digit_7_seg_display:convert_binary|lpm_divide:Mod3" File: C:/Users/ATOMIC_LAPTOP/Desktop/Ten_bit_binary_to_3_digit_7_seg/BCD_3_digit_7_seg_display.vhd Line: 32
Info (12133): Instantiated megafunction "BCD_3_digit_7_seg_display:convert_binary|lpm_divide:Mod3" with the following parameter: File: C:/Users/ATOMIC_LAPTOP/Desktop/Ten_bit_binary_to_3_digit_7_seg/BCD_3_digit_7_seg_display.vhd Line: 32
    Info (12134): Parameter "LPM_WIDTHN" = "10"
    Info (12134): Parameter "LPM_WIDTHD" = "10"
    Info (12134): Parameter "LPM_NREPRESENTATION" = "UNSIGNED"
    Info (12134): Parameter "LPM_DREPRESENTATION" = "UNSIGNED"
Info (12130): Elaborated megafunction instantiation "BCD_3_digit_7_seg_display:convert_binary|lpm_divide:Div0" File: C:/Users/ATOMIC_LAPTOP/Desktop/Ten_bit_binary_to_3_digit_7_seg/BCD_3_digit_7_seg_display.vhd Line: 30
Info (12133): Instantiated megafunction "BCD_3_digit_7_seg_display:convert_binary|lpm_divide:Div0" with the following parameter: File: C:/Users/ATOMIC_LAPTOP/Desktop/Ten_bit_binary_to_3_digit_7_seg/BCD_3_digit_7_seg_display.vhd Line: 30
    Info (12134): Parameter "LPM_WIDTHN" = "10"
    Info (12134): Parameter "LPM_WIDTHD" = "4"
    Info (12134): Parameter "LPM_NREPRESENTATION" = "UNSIGNED"
    Info (12134): Parameter "LPM_DREPRESENTATION" = "UNSIGNED"
Info (12021): Found 1 design units, including 1 entities, in source file db/lpm_divide_itl.tdf
    Info (12023): Found entity 1: lpm_divide_itl File: C:/Users/ATOMIC_LAPTOP/Desktop/Ten_bit_binary_to_3_digit_7_seg/db/lpm_divide_itl.tdf Line: 25
Info (12021): Found 1 design units, including 1 entities, in source file db/sign_div_unsign_klh.tdf
    Info (12023): Found entity 1: sign_div_unsign_klh File: C:/Users/ATOMIC_LAPTOP/Desktop/Ten_bit_binary_to_3_digit_7_seg/db/sign_div_unsign_klh.tdf Line: 25
Info (12021): Found 1 design units, including 1 entities, in source file db/alt_u_div_ihe.tdf
    Info (12023): Found entity 1: alt_u_div_ihe File: C:/Users/ATOMIC_LAPTOP/Desktop/Ten_bit_binary_to_3_digit_7_seg/db/alt_u_div_ihe.tdf Line: 27
Info (12130): Elaborated megafunction instantiation "BCD_3_digit_7_seg_display:convert_binary|lpm_divide:Div1" File: C:/Users/ATOMIC_LAPTOP/Desktop/Ten_bit_binary_to_3_digit_7_seg/BCD_3_digit_7_seg_display.vhd Line: 31
Info (12133): Instantiated megafunction "BCD_3_digit_7_seg_display:convert_binary|lpm_divide:Div1" with the following parameter: File: C:/Users/ATOMIC_LAPTOP/Desktop/Ten_bit_binary_to_3_digit_7_seg/BCD_3_digit_7_seg_display.vhd Line: 31
    Info (12134): Parameter "LPM_WIDTHN" = "10"
    Info (12134): Parameter "LPM_WIDTHD" = "7"
    Info (12134): Parameter "LPM_NREPRESENTATION" = "UNSIGNED"
    Info (12134): Parameter "LPM_DREPRESENTATION" = "UNSIGNED"
Info (12021): Found 1 design units, including 1 entities, in source file db/lpm_divide_ltl.tdf
    Info (12023): Found entity 1: lpm_divide_ltl File: C:/Users/ATOMIC_LAPTOP/Desktop/Ten_bit_binary_to_3_digit_7_seg/db/lpm_divide_ltl.tdf Line: 25
Info (12021): Found 1 design units, including 1 entities, in source file db/sign_div_unsign_nlh.tdf
    Info (12023): Found entity 1: sign_div_unsign_nlh File: C:/Users/ATOMIC_LAPTOP/Desktop/Ten_bit_binary_to_3_digit_7_seg/db/sign_div_unsign_nlh.tdf Line: 25
Info (12021): Found 1 design units, including 1 entities, in source file db/alt_u_div_ohe.tdf
    Info (12023): Found entity 1: alt_u_div_ohe File: C:/Users/ATOMIC_LAPTOP/Desktop/Ten_bit_binary_to_3_digit_7_seg/db/alt_u_div_ohe.tdf Line: 27
Info (286030): Timing-Driven Synthesis is running
Info (17016): Found the following redundant logic cells in design
    Info (17048): Logic cell "BCD_3_digit_7_seg_display:convert_binary|lpm_divide:Mod1|lpm_divide_2nl:auto_generated|sign_div_unsign_1nh:divider|alt_u_div_cke:divider|add_sub_9_result_int[0]~0" File: C:/Users/ATOMIC_LAPTOP/Desktop/Ten_bit_binary_to_3_digit_7_seg/db/alt_u_div_cke.tdf Line: 72
    Info (17048): Logic cell "BCD_3_digit_7_seg_display:convert_binary|lpm_divide:Mod1|lpm_divide_2nl:auto_generated|sign_div_unsign_1nh:divider|alt_u_div_cke:divider|add_sub_6_result_int[0]~14" File: C:/Users/ATOMIC_LAPTOP/Desktop/Ten_bit_binary_to_3_digit_7_seg/db/alt_u_div_cke.tdf Line: 57
    Info (17048): Logic cell "BCD_3_digit_7_seg_display:convert_binary|lpm_divide:Mod1|lpm_divide_2nl:auto_generated|sign_div_unsign_1nh:divider|alt_u_div_cke:divider|add_sub_7_result_int[0]~16" File: C:/Users/ATOMIC_LAPTOP/Desktop/Ten_bit_binary_to_3_digit_7_seg/db/alt_u_div_cke.tdf Line: 62
    Info (17048): Logic cell "BCD_3_digit_7_seg_display:convert_binary|lpm_divide:Mod1|lpm_divide_2nl:auto_generated|sign_div_unsign_1nh:divider|alt_u_div_cke:divider|add_sub_8_result_int[0]~18" File: C:/Users/ATOMIC_LAPTOP/Desktop/Ten_bit_binary_to_3_digit_7_seg/db/alt_u_div_cke.tdf Line: 67
    Info (17048): Logic cell "BCD_3_digit_7_seg_display:convert_binary|lpm_divide:Mod2|lpm_divide_2nl:auto_generated|sign_div_unsign_1nh:divider|alt_u_div_cke:divider|op_8~0"
Info (16010): Generating hard_block partition "hard_block:auto_generated_inst"
    Info (16011): Adding 0 node(s), including 0 DDIO, 0 PLL, 0 transceiver and 0 LCELL
Info (21057): Implemented 465 device resources after synthesis - the final resource count might be different
    Info (21058): Implemented 12 input pins
    Info (21059): Implemented 21 output pins
    Info (21061): Implemented 432 logic cells
Info: Quartus Prime Analysis & Synthesis was successful. 0 errors, 5 warnings
    Info: Peak virtual memory: 4808 megabytes
    Info: Processing ended: Thu Sep 21 20:22:54 2023
    Info: Elapsed time: 00:00:24
    Info: Total CPU time (on all processors): 00:00:21


